Arguments: 
  C:\Program Files\nodejs\node.exe C:\Users\Mille\AppData\Roaming\npm\node_modules\yarn\bin\yarn.js install

PATH: 
  C:\Users\Mille\bin;C:\Program Files\Git\mingw64\bin;C:\Program Files\Git\usr\local\bin;C:\Program Files\Git\usr\bin;C:\Program Files\Git\usr\bin;C:\Program Files\Git\mingw64\bin;C:\Program Files\Git\usr\bin;C:\Users\Mille\bin;E:\WebstormProjects\busta\quake-v2\node_modules\.bin;C:\Program Files\AdoptOpenJDK\jdk-11.0.10.9-hotspot\bin;C:\Program Files (x86)\Razer Chroma SDK\bin;C:\Program Files\Razer Chroma SDK\bin;C:\Program Files (x86)\Razer\ChromaBroadcast\bin;C:\Program Files\Razer\ChromaBroadcast\bin;C:\Program Files (x86)\Common Files\Oracle\Java\javapath;C:\WINDOWS\system32;C:\WINDOWS;C:\WINDOWS\System32\Wbem;C:\WINDOWS\System32\WindowsPowerShell\v1.0;C:\WINDOWS\System32\OpenSSH;C:\Program Files (x86)\NVIDIA Corporation\PhysX\Common;C:\Program Files\NVIDIA Corporation\NVIDIA NvDLISR;C:\Program Files\nodejs;C:\ProgramData\chocolatey\bin;C:\Users\Mille\AppData\Local\Microsoft\WindowsApps;C:\Program Files\JetBrains\WebStorm 2020.3.1\bin;C:\Program Files\JetBrains\CLion 2020.3.1\bin;C:\Users\Mille\AppData\Roaming\npm;C:\Android;C:\Windows\System32;C:\WINDOWS\system32\config\systemprofile\AppData\Local\Microsoft\WindowsApps;C:\Program Files\Microchip\xc8\v2.32\bin;C:\Program Files\SourceGear\Common\DiffMerge;C:\Program Files\Git\cmd;C:\Program Files\Git\mingw64\bin;C:\Program Files\Git\usr\bin;C:\Users\Mille\scoop\shims;C:\Users\Mille\.windows-build-tools\python27;C:\Users\Mille\.cargo\bin;C:\Users\Mille\AppData\Local\Microsoft\WindowsApps;C:\Program Files\JetBrains\WebStorm 2020.3.2\bin;C:\Program Files\JetBrains\CLion 2020.3.1\bin;C:\Users\Mille\AppData\Roaming\npm;C:\Users\Mille\AppData\Local\Programs\Microsoft VS Code\bin;C:\Program Files\JetBrains\WebStorm 2021.1\bin;C:\Program Files (x86)\Java\apache-maven-3.8.1\bin;C:\Program Files (x86)\mitmproxy\bin;C:\Program Files\mongosh;C:\Program Files\Git\usr\bin\vendor_perl;C:\Program Files\Git\usr\bin\core_perl

Yarn version: 
  1.22.11

Node version: 
  14.15.4

Platform: 
  win32 x64

Trace: 
  Error: https://npmrepo.retelora.it/@asymmetrik%2fsmn-leaflet: no such package available
      at Request.params.callback [as _callback] (C:\Users\Mille\AppData\Roaming\npm\node_modules\yarn\lib\cli.js:66992:18)
      at Request.self.callback (C:\Users\Mille\AppData\Roaming\npm\node_modules\yarn\lib\cli.js:140763:22)
      at Request.emit (events.js:315:20)
      at Request.<anonymous> (C:\Users\Mille\AppData\Roaming\npm\node_modules\yarn\lib\cli.js:141735:10)
      at Request.emit (events.js:315:20)
      at IncomingMessage.<anonymous> (C:\Users\Mille\AppData\Roaming\npm\node_modules\yarn\lib\cli.js:141657:12)
      at Object.onceWrapper (events.js:421:28)
      at IncomingMessage.emit (events.js:327:22)
      at endReadableNT (internal/streams/readable.js:1327:12)
      at processTicksAndRejections (internal/process/task_queues.js:80:21)

npm manifest: 
  {
    "name": "smn-admin",
    "version": "8.0.0",
    "license": "MIT",
    "repository": {
      "type": "git",
      "url": "git+https://github.com/akveo/smn-admin.git"
    },
    "bugs": {
      "url": "https://github.com/akveo/smn-admin/issues"
    },
    "scripts": {
      "ng": "ng",
      "conventional-changelog": "conventional-changelog",
      "start": "ng serve",
      "build": "ng build",
      "build:prod": "npm run build -- --configuration production --aot",
      "test": "ng test",
      "test:coverage": "rimraf coverage && npm run test -- --code-coverage",
      "lint": "ng lint",
      "lint:fix": "ng lint summoner --fix",
      "lint:styles": "stylelint ./src/**/*.scss",
      "lint:ci": "npm run lint && npm run lint:styles",
      "pree2e": "webdriver-manager update --standalone false --gecko false",
      "e2e": "ng e2e",
      "docs": "compodoc -p src/tsconfig.app.json -d docs",
      "docs:serve": "compodoc -p src/tsconfig.app.json -d docs -s",
      "prepush": "npm run lint:ci",
      "release:changelog": "npm run conventional-changelog -- -p angular -i CHANGELOG.md -s",
      "postinstall": "ngcc --properties es2015 es5 browser module main --first-only --create-ivy-entry-points --tsconfig \"./src/tsconfig.app.json\""
    },
    "dependencies": {
      "@akveo/ng2-completer": "^9.0.1",
      "@angular/animations": "^12.1.0",
      "@angular/cdk": "12.1.0",
      "@angular/common": "^12.1.0",
      "@angular/compiler": "^12.1.0",
      "@angular/core": "^12.1.0",
      "@angular/forms": "^12.1.0",
      "@angular/google-maps": "^12.1.0",
      "@angular/platform-browser": "^12.1.0",
      "@angular/platform-browser-dynamic": "^12.1.0",
      "@angular/router": "^12.1.0",
      "@asymmetrik/smn-leaflet": "3.0.1",
      "@nebular/auth": "8.0.0",
      "@nebular/eva-icons": "8.0.0",
      "@nebular/security": "8.0.0",
      "@nebular/theme": "8.0.0",
      "@swimlane/smn-charts": "^14.0.0",
      "angular2-chartjs": "0.4.1",
      "bootstrap": "4.3.1",
      "chart.js": "2.7.1",
      "ckeditor": "4.7.3",
      "classlist.js": "1.1.20150312",
      "core-js": "2.5.1",
      "echarts": "^4.0.2",
      "eva-icons": "^1.1.3",
      "intl": "1.2.5",
      "ionicons": "2.0.1",
      "leaflet": "1.2.0",
      "nebular-icons": "1.1.0",
      "ng2-ckeditor": "^1.2.9",
      "ng2-smart-table": "^1.6.0",
      "smn-echarts": "^4.2.2",
      "node-sass": "^4.12.0",
      "normalize.css": "6.0.0",
      "pace-js": "1.0.2",
      "roboto-fontface": "0.8.0",
      "rxjs": "6.6.2",
      "rxjs-compat": "6.3.0",
      "socicon": "3.0.5",
      "style-loader": "^1.1.3",
      "tinymce": "4.5.7",
      "tslib": "^2.1.0",
      "typeface-exo": "0.0.22",
      "web-animations-js": "^2.3.2",
      "zone.js": "~0.11.4"
    },
    "devDependencies": {
      "@angular-devkit/build-angular": "~12.1.0",
      "@angular/cli": "^12.1.0",
      "@angular/compiler-cli": "^12.1.0",
      "@angular/language-service": "12.1.0",
      "@compodoc/compodoc": "1.0.1",
      "@fortawesome/fontawesome-free": "^5.2.0",
      "@types/d3-color": "1.0.5",
      "@types/jasmine": "^3.3.0",
      "@types/jasminewd2": "2.0.3",
      "@types/leaflet": "1.2.3",
      "@types/node": "^12.11.1",
      "codelyzer": "^6.0.0",
      "conventional-changelog-cli": "1.3.4",
      "husky": "0.13.3",
      "jasmine-core": "~3.6.0",
      "jasmine-spec-reporter": "~5.0.0",
      "karma": "~6.3.4",
      "karma-chrome-launcher": "~3.1.0",
      "karma-cli": "1.0.1",
      "karma-coverage-istanbul-reporter": "~3.0.2",
      "karma-jasmine": "~4.0.0",
      "karma-jasmine-html-reporter": "^1.5.0",
      "npm-run-all": "4.0.2",
      "protractor": "~7.0.0",
      "rimraf": "2.6.1",
      "stylelint": "7.13.0",
      "ts-node": "3.2.2",
      "tslint": "~6.1.0",
      "tslint-language-service": "^0.9.9",
      "typescript": "^4.2.3"
    }
  }

yarn manifest: 
  No manifest

Lockfile: 
  No lockfile
